<?xml version="1.0" encoding="UTF-8" standalone="yes"?><!DOCTYPE report PUBLIC "-//JACOCO//DTD Report 1.1//EN" "report.dtd"><report name="IlpTutorial1"><sessioninfo id="zhangaodeMacBook-Pro.local-6fd69e35" start="1768421953956" dump="1768421957461"/><package name="uk/ac/ed/acp/cw2/service"><class name="uk/ac/ed/acp/cw2/service/RestServiceImplementation" sourcefilename="RestServiceImplementation.java"><method name="&lt;init&gt;" desc="(Luk/ac/ed/acp/cw2/utility/Utility;)V" line="27"><counter type="INSTRUCTION" missed="0" covered="6"/><counter type="LINE" missed="0" covered="3"/><counter type="COMPLEXITY" missed="0" covered="1"/><counter type="METHOD" missed="0" covered="1"/></method><method name="distanceTo" desc="(Luk/ac/ed/acp/cw2/data/PositionsRequest;)Ljava/lang/Double;" line="34"><counter type="INSTRUCTION" missed="12" covered="0"/><counter type="LINE" missed="3" covered="0"/><counter type="COMPLEXITY" missed="1" covered="0"/><counter type="METHOD" missed="1" covered="0"/></method><method name="isCloseTo" desc="(Luk/ac/ed/acp/cw2/data/PositionsRequest;)Z" line="43"><counter type="INSTRUCTION" missed="20" covered="0"/><counter type="BRANCH" missed="2" covered="0"/><counter type="LINE" missed="4" covered="0"/><counter type="COMPLEXITY" missed="2" covered="0"/><counter type="METHOD" missed="1" covered="0"/></method><method name="nextPosition" desc="(Luk/ac/ed/acp/cw2/data/PositionAngleRequest;)Ljava/lang/String;" line="54"><counter type="INSTRUCTION" missed="48" covered="0"/><counter type="LINE" missed="6" covered="0"/><counter type="COMPLEXITY" missed="1" covered="0"/><counter type="METHOD" missed="1" covered="0"/></method><method name="isInRegion" desc="(Luk/ac/ed/acp/cw2/data/PositionRegionRequest;)Z" line="70"><counter type="INSTRUCTION" missed="5" covered="0"/><counter type="LINE" missed="1" covered="0"/><counter type="COMPLEXITY" missed="1" covered="0"/><counter type="METHOD" missed="1" covered="0"/></method><method name="droneWithCooling" desc="(Ljava/util/ArrayList;Z)Ljava/util/ArrayList;" line="76"><counter type="INSTRUCTION" missed="28" covered="0"/><counter type="BRANCH" missed="4" covered="0"/><counter type="LINE" missed="6" covered="0"/><counter type="COMPLEXITY" missed="3" covered="0"/><counter type="METHOD" missed="1" covered="0"/></method><method name="droneDetails" desc="(Ljava/util/ArrayList;Ljava/lang/String;)Luk/ac/ed/acp/cw2/data/Drone;" line="89"><counter type="INSTRUCTION" missed="23" covered="0"/><counter type="BRANCH" missed="4" covered="0"/><counter type="LINE" missed="7" covered="0"/><counter type="COMPLEXITY" missed="3" covered="0"/><counter type="METHOD" missed="1" covered="0"/></method><method name="query" desc="(Ljava/util/ArrayList;Ljava/util/ArrayList;)Ljava/util/ArrayList;" line="108"><counter type="INSTRUCTION" missed="62" covered="0"/><counter type="BRANCH" missed="8" covered="0"/><counter type="LINE" missed="16" covered="0"/><counter type="COMPLEXITY" missed="5" covered="0"/><counter type="METHOD" missed="1" covered="0"/></method><method name="queryAvailableDrones" desc="(Ljava/util/ArrayList;Ljava/util/ArrayList;Ljava/util/ArrayList;Ljava/util/ArrayList;)Ljava/util/ArrayList;" line="144"><counter type="INSTRUCTION" missed="81" covered="0"/><counter type="BRANCH" missed="10" covered="0"/><counter type="LINE" missed="19" covered="0"/><counter type="COMPLEXITY" missed="6" covered="0"/><counter type="METHOD" missed="1" covered="0"/></method><method name="calcDeliveryPath" desc="(Ljava/util/ArrayList;Ljava/util/ArrayList;Ljava/util/ArrayList;Ljava/util/ArrayList;Ljava/util/ArrayList;)Luk/ac/ed/acp/cw2/data/ReturnedPath;" line="186"><counter type="INSTRUCTION" missed="33" covered="363"/><counter type="BRANCH" missed="22" covered="32"/><counter type="LINE" missed="5" covered="77"/><counter type="COMPLEXITY" missed="17" covered="11"/><counter type="METHOD" missed="0" covered="1"/></method><method name="calcDeliveryPathAsGeoJson" desc="(Ljava/util/ArrayList;Ljava/util/ArrayList;Ljava/util/ArrayList;Ljava/util/ArrayList;Ljava/util/ArrayList;)Luk/ac/ed/acp/cw2/data/GeoJson;" line="342"><counter type="INSTRUCTION" missed="95" covered="0"/><counter type="BRANCH" missed="6" covered="0"/><counter type="LINE" missed="16" covered="0"/><counter type="COMPLEXITY" missed="4" covered="0"/><counter type="METHOD" missed="1" covered="0"/></method><method name="&lt;clinit&gt;" desc="()V" line="22"><counter type="INSTRUCTION" missed="0" covered="4"/><counter type="LINE" missed="0" covered="1"/><counter type="COMPLEXITY" missed="0" covered="1"/><counter type="METHOD" missed="0" covered="1"/></method><counter type="INSTRUCTION" missed="407" covered="373"/><counter type="BRANCH" missed="56" covered="32"/><counter type="LINE" missed="83" covered="81"/><counter type="COMPLEXITY" missed="43" covered="13"/><counter type="METHOD" missed="9" covered="3"/><counter type="CLASS" missed="0" covered="1"/></class><class name="uk/ac/ed/acp/cw2/service/RestService" sourcefilename="RestService.java"/><class name="uk/ac/ed/acp/cw2/service/DataFetchServiceImplementation" sourcefilename="DataFetchServiceImplementation.java"><method name="&lt;init&gt;" desc="(Lorg/springframework/web/client/RestTemplate;Ljava/lang/String;)V" line="19"><counter type="INSTRUCTION" missed="0" covered="9"/><counter type="LINE" missed="0" covered="4"/><counter type="COMPLEXITY" missed="0" covered="1"/><counter type="METHOD" missed="0" covered="1"/></method><method name="getServicePoints" desc="()Ljava/util/ArrayList;" line="27"><counter type="INSTRUCTION" missed="4" covered="21"/><counter type="BRANCH" missed="1" covered="1"/><counter type="LINE" missed="1" covered="4"/><counter type="COMPLEXITY" missed="1" covered="1"/><counter type="METHOD" missed="0" covered="1"/></method><method name="getRestrictedAreas" desc="()Ljava/util/ArrayList;" line="41"><counter type="INSTRUCTION" missed="4" covered="21"/><counter type="BRANCH" missed="1" covered="1"/><counter type="LINE" missed="1" covered="4"/><counter type="COMPLEXITY" missed="1" covered="1"/><counter type="METHOD" missed="0" covered="1"/></method><method name="getDrones" desc="()Ljava/util/ArrayList;" line="55"><counter type="INSTRUCTION" missed="4" covered="21"/><counter type="BRANCH" missed="1" covered="1"/><counter type="LINE" missed="1" covered="4"/><counter type="COMPLEXITY" missed="1" covered="1"/><counter type="METHOD" missed="0" covered="1"/></method><method name="getServicePointsDrones" desc="()Ljava/util/ArrayList;" line="69"><counter type="INSTRUCTION" missed="4" covered="21"/><counter type="BRANCH" missed="1" covered="1"/><counter type="LINE" missed="1" covered="4"/><counter type="COMPLEXITY" missed="1" covered="1"/><counter type="METHOD" missed="0" covered="1"/></method><counter type="INSTRUCTION" missed="16" covered="93"/><counter type="BRANCH" missed="4" covered="4"/><counter type="LINE" missed="4" covered="20"/><counter type="COMPLEXITY" missed="4" covered="5"/><counter type="METHOD" missed="0" covered="5"/><counter type="CLASS" missed="0" covered="1"/></class><class name="uk/ac/ed/acp/cw2/service/DataFetchService" sourcefilename="DataFetchService.java"/><sourcefile name="DataFetchService.java"/><sourcefile name="DataFetchServiceImplementation.java"><line nr="19" mi="0" ci="2" mb="0" cb="0"/><line nr="20" mi="0" ci="3" mb="0" cb="0"/><line nr="21" mi="0" ci="3" mb="0" cb="0"/><line nr="22" mi="0" ci="1" mb="0" cb="0"/><line nr="27" mi="0" ci="4" mb="0" cb="0"/><line nr="28" mi="0" ci="9" mb="0" cb="0"/><line nr="30" mi="0" ci="2" mb="1" cb="1"/><line nr="32" mi="4" ci="0" mb="0" cb="0"/><line nr="35" mi="0" ci="6" mb="0" cb="0"/><line nr="41" mi="0" ci="4" mb="0" cb="0"/><line nr="42" mi="0" ci="9" mb="0" cb="0"/><line nr="44" mi="0" ci="2" mb="1" cb="1"/><line nr="46" mi="4" ci="0" mb="0" cb="0"/><line nr="49" mi="0" ci="6" mb="0" cb="0"/><line nr="55" mi="0" ci="4" mb="0" cb="0"/><line nr="56" mi="0" ci="9" mb="0" cb="0"/><line nr="58" mi="0" ci="2" mb="1" cb="1"/><line nr="60" mi="4" ci="0" mb="0" cb="0"/><line nr="63" mi="0" ci="6" mb="0" cb="0"/><line nr="69" mi="0" ci="4" mb="0" cb="0"/><line nr="70" mi="0" ci="9" mb="0" cb="0"/><line nr="72" mi="0" ci="2" mb="1" cb="1"/><line nr="74" mi="4" ci="0" mb="0" cb="0"/><line nr="77" mi="0" ci="6" mb="0" cb="0"/><counter type="INSTRUCTION" missed="16" covered="93"/><counter type="BRANCH" missed="4" covered="4"/><counter type="LINE" missed="4" covered="20"/><counter type="COMPLEXITY" missed="4" covered="5"/><counter type="METHOD" missed="0" covered="5"/><counter type="CLASS" missed="0" covered="1"/></sourcefile><sourcefile name="RestServiceImplementation.java"><line nr="22" mi="0" ci="4" mb="0" cb="0"/><line nr="27" mi="0" ci="2" mb="0" cb="0"/><line nr="28" mi="0" ci="3" mb="0" cb="0"/><line nr="29" mi="0" ci="1" mb="0" cb="0"/><line nr="34" mi="3" ci="0" mb="0" cb="0"/><line nr="35" mi="3" ci="0" mb="0" cb="0"/><line nr="37" mi="6" ci="0" mb="0" cb="0"/><line nr="43" mi="3" ci="0" mb="0" cb="0"/><line nr="44" mi="3" ci="0" mb="0" cb="0"/><line nr="46" mi="6" ci="0" mb="0" cb="0"/><line nr="49" mi="8" ci="0" mb="2" cb="0"/><line nr="54" mi="3" ci="0" mb="0" cb="0"/><line nr="55" mi="3" ci="0" mb="0" cb="0"/><line nr="58" mi="5" ci="0" mb="0" cb="0"/><line nr="59" mi="12" ci="0" mb="0" cb="0"/><line nr="60" mi="12" ci="0" mb="0" cb="0"/><line nr="63" mi="13" ci="0" mb="0" cb="0"/><line nr="70" mi="5" ci="0" mb="0" cb="0"/><line nr="76" mi="4" ci="0" mb="0" cb="0"/><line nr="77" mi="10" ci="0" mb="2" cb="0"/><line nr="78" mi="6" ci="0" mb="2" cb="0"/><line nr="80" mi="5" ci="0" mb="0" cb="0"/><line nr="82" mi="1" ci="0" mb="0" cb="0"/><line nr="83" mi="2" ci="0" mb="0" cb="0"/><line nr="89" mi="2" ci="0" mb="0" cb="0"/><line nr="90" mi="10" ci="0" mb="2" cb="0"/><line nr="92" mi="5" ci="0" mb="2" cb="0"/><line nr="94" mi="2" ci="0" mb="0" cb="0"/><line nr="95" mi="1" ci="0" mb="0" cb="0"/><line nr="97" mi="1" ci="0" mb="0" cb="0"/><line nr="98" mi="2" ci="0" mb="0" cb="0"/><line nr="108" mi="4" ci="0" mb="0" cb="0"/><line nr="110" mi="10" ci="0" mb="2" cb="0"/><line nr="112" mi="2" ci="0" mb="0" cb="0"/><line nr="113" mi="10" ci="0" mb="2" cb="0"/><line nr="115" mi="3" ci="0" mb="0" cb="0"/><line nr="116" mi="3" ci="0" mb="0" cb="0"/><line nr="117" mi="3" ci="0" mb="0" cb="0"/><line nr="119" mi="6" ci="0" mb="0" cb="0"/><line nr="120" mi="7" ci="0" mb="2" cb="0"/><line nr="122" mi="2" ci="0" mb="0" cb="0"/><line nr="123" mi="1" ci="0" mb="0" cb="0"/><line nr="125" mi="1" ci="0" mb="0" cb="0"/><line nr="127" mi="2" ci="0" mb="2" cb="0"/><line nr="129" mi="5" ci="0" mb="0" cb="0"/><line nr="131" mi="1" ci="0" mb="0" cb="0"/><line nr="133" mi="2" ci="0" mb="0" cb="0"/><line nr="144" mi="4" ci="0" mb="0" cb="0"/><line nr="145" mi="5" ci="0" mb="0" cb="0"/><line nr="148" mi="10" ci="0" mb="2" cb="0"/><line nr="150" mi="3" ci="0" mb="0" cb="0"/><line nr="152" mi="2" ci="0" mb="0" cb="0"/><line nr="156" mi="10" ci="0" mb="2" cb="0"/><line nr="158" mi="3" ci="0" mb="0" cb="0"/><line nr="159" mi="3" ci="0" mb="0" cb="0"/><line nr="160" mi="9" ci="0" mb="0" cb="0"/><line nr="162" mi="7" ci="0" mb="0" cb="0"/><line nr="163" mi="7" ci="0" mb="0" cb="0"/><line nr="165" mi="4" ci="0" mb="4" cb="0"/><line nr="167" mi="2" ci="0" mb="0" cb="0"/><line nr="168" mi="1" ci="0" mb="0" cb="0"/><line nr="170" mi="1" ci="0" mb="0" cb="0"/><line nr="172" mi="2" ci="0" mb="2" cb="0"/><line nr="174" mi="5" ci="0" mb="0" cb="0"/><line nr="177" mi="1" ci="0" mb="0" cb="0"/><line nr="180" mi="2" ci="0" mb="0" cb="0"/><line nr="186" mi="0" ci="5" mb="0" cb="0"/><line nr="187" mi="0" ci="5" mb="0" cb="0"/><line nr="189" mi="0" ci="2" mb="0" cb="0"/><line nr="190" mi="0" ci="2" mb="0" cb="0"/><line nr="191" mi="0" ci="11" mb="0" cb="0"/><line nr="194" mi="0" ci="10" mb="0" cb="2"/><line nr="197" mi="0" ci="6" mb="0" cb="0"/><line nr="198" mi="0" ci="4" mb="0" cb="0"/><line nr="199" mi="0" ci="10" mb="0" cb="2"/><line nr="204" mi="0" ci="2" mb="0" cb="0"/><line nr="205" mi="0" ci="3" mb="0" cb="0"/><line nr="206" mi="0" ci="5" mb="0" cb="0"/><line nr="207" mi="0" ci="2" mb="0" cb="0"/><line nr="208" mi="0" ci="2" mb="0" cb="0"/><line nr="210" mi="0" ci="8" mb="0" cb="0"/><line nr="211" mi="0" ci="4" mb="0" cb="0"/><line nr="212" mi="0" ci="4" mb="0" cb="0"/><line nr="213" mi="0" ci="2" mb="0" cb="0"/><line nr="214" mi="0" ci="4" mb="0" cb="0"/><line nr="215" mi="0" ci="4" mb="0" cb="0"/><line nr="219" mi="0" ci="10" mb="0" cb="2"/><line nr="221" mi="0" ci="3" mb="0" cb="0"/><line nr="222" mi="0" ci="3" mb="0" cb="0"/><line nr="223" mi="0" ci="10" mb="0" cb="0"/><line nr="226" mi="0" ci="2" mb="1" cb="1"/><line nr="229" mi="1" ci="0" mb="0" cb="0"/><line nr="233" mi="0" ci="2" mb="0" cb="2"/><line nr="235" mi="0" ci="3" mb="0" cb="0"/><line nr="237" mi="0" ci="4" mb="1" cb="1"/><line nr="241" mi="1" ci="0" mb="0" cb="0"/><line nr="244" mi="4" ci="3" mb="1" cb="1"/><line nr="247" mi="1" ci="9" mb="1" cb="1"/><line nr="249" mi="0" ci="3" mb="0" cb="0"/><line nr="250" mi="5" ci="2" mb="5" cb="1"/><line nr="252" mi="2" ci="0" mb="0" cb="0"/><line nr="255" mi="0" ci="3" mb="0" cb="0"/><line nr="256" mi="5" ci="2" mb="5" cb="1"/><line nr="258" mi="2" ci="0" mb="0" cb="0"/><line nr="261" mi="0" ci="2" mb="1" cb="1"/><line nr="263" mi="0" ci="3" mb="0" cb="2"/><line nr="265" mi="0" ci="3" mb="0" cb="0"/><line nr="269" mi="0" ci="4" mb="0" cb="0"/><line nr="271" mi="0" ci="3" mb="0" cb="0"/><line nr="273" mi="0" ci="7" mb="0" cb="0"/><line nr="274" mi="0" ci="7" mb="0" cb="0"/><line nr="276" mi="0" ci="6" mb="2" cb="2"/><line nr="279" mi="1" ci="0" mb="0" cb="0"/><line nr="283" mi="0" ci="6" mb="0" cb="0"/><line nr="284" mi="0" ci="5" mb="0" cb="0"/><line nr="285" mi="0" ci="5" mb="0" cb="0"/><line nr="287" mi="0" ci="6" mb="0" cb="0"/><line nr="288" mi="0" ci="4" mb="0" cb="0"/><line nr="289" mi="0" ci="9" mb="0" cb="0"/><line nr="290" mi="0" ci="5" mb="0" cb="0"/><line nr="292" mi="0" ci="9" mb="0" cb="2"/><line nr="293" mi="7" ci="6" mb="3" cb="1"/><line nr="295" mi="0" ci="4" mb="1" cb="3"/><line nr="297" mi="0" ci="4" mb="0" cb="0"/><line nr="298" mi="0" ci="1" mb="0" cb="0"/><line nr="299" mi="0" ci="6" mb="0" cb="0"/><line nr="300" mi="0" ci="4" mb="0" cb="0"/><line nr="301" mi="0" ci="4" mb="0" cb="0"/><line nr="303" mi="0" ci="4" mb="0" cb="0"/><line nr="305" mi="0" ci="9" mb="0" cb="0"/><line nr="309" mi="0" ci="1" mb="0" cb="0"/><line nr="311" mi="0" ci="3" mb="0" cb="2"/><line nr="313" mi="0" ci="2" mb="0" cb="0"/><line nr="314" mi="0" ci="4" mb="0" cb="0"/><line nr="315" mi="0" ci="7" mb="0" cb="0"/><line nr="316" mi="0" ci="8" mb="0" cb="0"/><line nr="317" mi="0" ci="7" mb="0" cb="0"/><line nr="318" mi="0" ci="7" mb="0" cb="0"/><line nr="319" mi="0" ci="11" mb="0" cb="0"/><line nr="320" mi="0" ci="4" mb="0" cb="0"/><line nr="322" mi="4" ci="6" mb="1" cb="1"/><line nr="327" mi="0" ci="5" mb="0" cb="4"/><line nr="329" mi="0" ci="1" mb="0" cb="0"/><line nr="331" mi="0" ci="1" mb="0" cb="0"/><line nr="332" mi="0" ci="4" mb="0" cb="0"/><line nr="333" mi="0" ci="4" mb="0" cb="0"/><line nr="334" mi="0" ci="6" mb="0" cb="0"/><line nr="336" mi="0" ci="2" mb="0" cb="0"/><line nr="342" mi="8" ci="0" mb="0" cb="0"/><line nr="343" mi="8" ci="0" mb="0" cb="0"/><line nr="345" mi="11" ci="0" mb="2" cb="0"/><line nr="347" mi="11" ci="0" mb="2" cb="0"/><line nr="349" mi="8" ci="0" mb="0" cb="0"/><line nr="350" mi="11" ci="0" mb="2" cb="0"/><line nr="352" mi="4" ci="0" mb="0" cb="0"/><line nr="353" mi="5" ci="0" mb="0" cb="0"/><line nr="354" mi="5" ci="0" mb="0" cb="0"/><line nr="355" mi="5" ci="0" mb="0" cb="0"/><line nr="356" mi="1" ci="0" mb="0" cb="0"/><line nr="357" mi="9" ci="0" mb="0" cb="0"/><line nr="358" mi="5" ci="0" mb="0" cb="0"/><line nr="360" mi="1" ci="0" mb="0" cb="0"/><line nr="362" mi="1" ci="0" mb="0" cb="0"/><line nr="363" mi="2" ci="0" mb="0" cb="0"/><counter type="INSTRUCTION" missed="407" covered="373"/><counter type="BRANCH" missed="56" covered="32"/><counter type="LINE" missed="83" covered="81"/><counter type="COMPLEXITY" missed="43" covered="13"/><counter type="METHOD" missed="9" covered="3"/><counter type="CLASS" missed="0" covered="1"/></sourcefile><sourcefile name="RestService.java"/><counter type="INSTRUCTION" missed="423" covered="466"/><counter type="BRANCH" missed="60" covered="36"/><counter type="LINE" missed="87" covered="101"/><counter type="COMPLEXITY" missed="47" covered="18"/><counter type="METHOD" missed="9" covered="8"/><counter type="CLASS" missed="0" covered="2"/></package><package name="uk/ac/ed/acp/cw2/data"><class name="uk/ac/ed/acp/cw2/data/GeoJson" sourcefilename="GeoJson.java"/><class name="uk/ac/ed/acp/cw2/data/Availability" sourcefilename="Availability.java"/><class name="uk/ac/ed/acp/cw2/data/QueryRequest" sourcefilename="QueryRequest.java"/><class name="uk/ac/ed/acp/cw2/data/RestrictedArea" sourcefilename="RestrictedArea.java"/><class name="uk/ac/ed/acp/cw2/data/Capability" sourcefilename="Capability.java"/><class name="uk/ac/ed/acp/cw2/data/ReturnedPath" sourcefilename="ReturnedPath.java"/><class name="uk/ac/ed/acp/cw2/data/MedicineDispatchRequest" sourcefilename="MedicineDispatchRequest.java"/><class name="uk/ac/ed/acp/cw2/data/Geometry" sourcefilename="Geometry.java"/><class name="uk/ac/ed/acp/cw2/data/Position" sourcefilename="Position.java"/><class name="uk/ac/ed/acp/cw2/data/DronePath" sourcefilename="DronePath.java"/><class name="uk/ac/ed/acp/cw2/data/Region" sourcefilename="Region.java"/><class name="uk/ac/ed/acp/cw2/data/PositionRegionRequest" sourcefilename="PositionRegionRequest.java"/><class name="uk/ac/ed/acp/cw2/data/Drone" sourcefilename="Drone.java"/><class name="uk/ac/ed/acp/cw2/data/PositionsRequest" sourcefilename="PositionsRequest.java"/><class name="uk/ac/ed/acp/cw2/data/DroneAvailability" sourcefilename="DroneAvailability.java"/><class name="uk/ac/ed/acp/cw2/data/PositionAngleRequest" sourcefilename="PositionAngleRequest.java"/><class name="uk/ac/ed/acp/cw2/data/ServicePoint" sourcefilename="ServicePoint.java"/><class name="uk/ac/ed/acp/cw2/data/Requirements" sourcefilename="Requirements.java"/><class name="uk/ac/ed/acp/cw2/data/Feature" sourcefilename="Feature.java"/><class name="uk/ac/ed/acp/cw2/data/Property" sourcefilename="Property.java"/><class name="uk/ac/ed/acp/cw2/data/LogEntry" sourcefilename="LogEntry.java"/><class name="uk/ac/ed/acp/cw2/data/ServicePointDrones" sourcefilename="ServicePointDrones.java"/><class name="uk/ac/ed/acp/cw2/data/Deliveries" sourcefilename="Deliveries.java"/><sourcefile name="QueryRequest.java"/><sourcefile name="Region.java"/><sourcefile name="PositionsRequest.java"/><sourcefile name="Feature.java"/><sourcefile name="MedicineDispatchRequest.java"/><sourcefile name="LogEntry.java"/><sourcefile name="DroneAvailability.java"/><sourcefile name="PositionAngleRequest.java"/><sourcefile name="Deliveries.java"/><sourcefile name="DronePath.java"/><sourcefile name="Drone.java"/><sourcefile name="ServicePoint.java"/><sourcefile name="ServicePointDrones.java"/><sourcefile name="GeoJson.java"/><sourcefile name="ReturnedPath.java"/><sourcefile name="RestrictedArea.java"/><sourcefile name="Geometry.java"/><sourcefile name="Position.java"/><sourcefile name="Capability.java"/><sourcefile name="Requirements.java"/><sourcefile name="Property.java"/><sourcefile name="PositionRegionRequest.java"/><sourcefile name="Availability.java"/></package><package name="uk/ac/ed/acp/cw2/handler"><class name="uk/ac/ed/acp/cw2/handler/GlobalExceptionHandler" sourcefilename="GlobalExceptionHandler.java"><method name="&lt;init&gt;" desc="()V" line="15"><counter type="INSTRUCTION" missed="0" covered="3"/><counter type="LINE" missed="0" covered="1"/><counter type="COMPLEXITY" missed="0" covered="1"/><counter type="METHOD" missed="0" covered="1"/></method><method name="handleValidationException" desc="(Ljava/lang/Exception;)V" line="23"><counter type="INSTRUCTION" missed="1" covered="0"/><counter type="LINE" missed="1" covered="0"/><counter type="COMPLEXITY" missed="1" covered="0"/><counter type="METHOD" missed="1" covered="0"/></method><counter type="INSTRUCTION" missed="1" covered="3"/><counter type="LINE" missed="1" covered="1"/><counter type="COMPLEXITY" missed="1" covered="1"/><counter type="METHOD" missed="1" covered="1"/><counter type="CLASS" missed="0" covered="1"/></class><sourcefile name="GlobalExceptionHandler.java"><line nr="15" mi="0" ci="3" mb="0" cb="0"/><line nr="23" mi="1" ci="0" mb="0" cb="0"/><counter type="INSTRUCTION" missed="1" covered="3"/><counter type="LINE" missed="1" covered="1"/><counter type="COMPLEXITY" missed="1" covered="1"/><counter type="METHOD" missed="1" covered="1"/><counter type="CLASS" missed="0" covered="1"/></sourcefile><counter type="INSTRUCTION" missed="1" covered="3"/><counter type="LINE" missed="1" covered="1"/><counter type="COMPLEXITY" missed="1" covered="1"/><counter type="METHOD" missed="1" covered="1"/><counter type="CLASS" missed="0" covered="1"/></package><package name="uk/ac/ed/acp/cw2/configuration"><class name="uk/ac/ed/acp/cw2/configuration/IlpRestServiceConfig" sourcefilename="IlpRestServiceConfig.java"><method name="&lt;init&gt;" desc="()V" line="17"><counter type="INSTRUCTION" missed="0" covered="3"/><counter type="LINE" missed="0" covered="1"/><counter type="COMPLEXITY" missed="0" covered="1"/><counter type="METHOD" missed="0" covered="1"/></method><method name="serviceUrl" desc="()Ljava/lang/String;" line="23"><counter type="INSTRUCTION" missed="3" covered="9"/><counter type="BRANCH" missed="3" covered="1"/><counter type="LINE" missed="0" covered="4"/><counter type="COMPLEXITY" missed="2" covered="1"/><counter type="METHOD" missed="0" covered="1"/></method><method name="restTemplate" desc="(Lorg/springframework/boot/web/client/RestTemplateBuilder;)Lorg/springframework/web/client/RestTemplate;" line="36"><counter type="INSTRUCTION" missed="0" covered="3"/><counter type="LINE" missed="0" covered="1"/><counter type="COMPLEXITY" missed="0" covered="1"/><counter type="METHOD" missed="0" covered="1"/></method><method name="utility" desc="(Lcom/fasterxml/jackson/databind/ObjectMapper;)Luk/ac/ed/acp/cw2/utility/Utility;" line="43"><counter type="INSTRUCTION" missed="0" covered="5"/><counter type="LINE" missed="0" covered="1"/><counter type="COMPLEXITY" missed="0" covered="1"/><counter type="METHOD" missed="0" covered="1"/></method><counter type="INSTRUCTION" missed="3" covered="20"/><counter type="BRANCH" missed="3" covered="1"/><counter type="LINE" missed="0" covered="7"/><counter type="COMPLEXITY" missed="2" covered="4"/><counter type="METHOD" missed="0" covered="4"/><counter type="CLASS" missed="0" covered="1"/></class><sourcefile name="IlpRestServiceConfig.java"><line nr="17" mi="0" ci="3" mb="0" cb="0"/><line nr="23" mi="0" ci="3" mb="0" cb="0"/><line nr="25" mi="3" ci="2" mb="3" cb="1"/><line nr="27" mi="0" ci="2" mb="0" cb="0"/><line nr="30" mi="0" ci="2" mb="0" cb="0"/><line nr="36" mi="0" ci="3" mb="0" cb="0"/><line nr="43" mi="0" ci="5" mb="0" cb="0"/><counter type="INSTRUCTION" missed="3" covered="20"/><counter type="BRANCH" missed="3" covered="1"/><counter type="LINE" missed="0" covered="7"/><counter type="COMPLEXITY" missed="2" covered="4"/><counter type="METHOD" missed="0" covered="4"/><counter type="CLASS" missed="0" covered="1"/></sourcefile><counter type="INSTRUCTION" missed="3" covered="20"/><counter type="BRANCH" missed="3" covered="1"/><counter type="LINE" missed="0" covered="7"/><counter type="COMPLEXITY" missed="2" covered="4"/><counter type="METHOD" missed="0" covered="4"/><counter type="CLASS" missed="0" covered="1"/></package><package name="uk/ac/ed/acp/cw2/validation"><class name="uk/ac/ed/acp/cw2/validation/IsAngleMultipleOfValidator" sourcefilename="IsAngleMultipleOfValidator.java"><method name="&lt;init&gt;" desc="()V" line="10"><counter type="INSTRUCTION" missed="3" covered="0"/><counter type="LINE" missed="1" covered="0"/><counter type="COMPLEXITY" missed="1" covered="0"/><counter type="METHOD" missed="1" covered="0"/></method><method name="initialize" desc="(Luk/ac/ed/acp/cw2/validation/IsAngleMultipleOf;)V" line="17"><counter type="INSTRUCTION" missed="1" covered="0"/><counter type="LINE" missed="1" covered="0"/><counter type="COMPLEXITY" missed="1" covered="0"/><counter type="METHOD" missed="1" covered="0"/></method><method name="isValid" desc="(Ljava/lang/Double;Ljakarta/validation/ConstraintValidatorContext;)Z" line="24"><counter type="INSTRUCTION" missed="15" covered="0"/><counter type="BRANCH" missed="4" covered="0"/><counter type="LINE" missed="3" covered="0"/><counter type="COMPLEXITY" missed="3" covered="0"/><counter type="METHOD" missed="1" covered="0"/></method><counter type="INSTRUCTION" missed="19" covered="0"/><counter type="BRANCH" missed="4" covered="0"/><counter type="LINE" missed="5" covered="0"/><counter type="COMPLEXITY" missed="5" covered="0"/><counter type="METHOD" missed="3" covered="0"/><counter type="CLASS" missed="1" covered="0"/></class><class name="uk/ac/ed/acp/cw2/validation/IsAngleMultipleOf" sourcefilename="IsAngleMultipleOf.java"/><class name="uk/ac/ed/acp/cw2/validation/IsRegionClosedValidator" sourcefilename="IsRegionClosedValidator.java"><method name="&lt;init&gt;" desc="()V" line="13"><counter type="INSTRUCTION" missed="3" covered="0"/><counter type="LINE" missed="1" covered="0"/><counter type="COMPLEXITY" missed="1" covered="0"/><counter type="METHOD" missed="1" covered="0"/></method><method name="initialize" desc="(Luk/ac/ed/acp/cw2/validation/IsRegionClosed;)V" line="20"><counter type="INSTRUCTION" missed="1" covered="0"/><counter type="LINE" missed="1" covered="0"/><counter type="COMPLEXITY" missed="1" covered="0"/><counter type="METHOD" missed="1" covered="0"/></method><method name="isValid" desc="(Ljava/util/ArrayList;Ljakarta/validation/ConstraintValidatorContext;)Z" line="27"><counter type="INSTRUCTION" missed="29" covered="0"/><counter type="BRANCH" missed="6" covered="0"/><counter type="LINE" missed="5" covered="0"/><counter type="COMPLEXITY" missed="4" covered="0"/><counter type="METHOD" missed="1" covered="0"/></method><counter type="INSTRUCTION" missed="33" covered="0"/><counter type="BRANCH" missed="6" covered="0"/><counter type="LINE" missed="7" covered="0"/><counter type="COMPLEXITY" missed="6" covered="0"/><counter type="METHOD" missed="3" covered="0"/><counter type="CLASS" missed="1" covered="0"/></class><class name="uk/ac/ed/acp/cw2/validation/IsRegionClosed" sourcefilename="IsRegionClosed.java"/><sourcefile name="IsAngleMultipleOf.java"/><sourcefile name="IsAngleMultipleOfValidator.java"><line nr="10" mi="3" ci="0" mb="0" cb="0"/><line nr="17" mi="1" ci="0" mb="0" cb="0"/><line nr="24" mi="2" ci="0" mb="2" cb="0"/><line nr="26" mi="2" ci="0" mb="0" cb="0"/><line nr="30" mi="11" ci="0" mb="2" cb="0"/><counter type="INSTRUCTION" missed="19" covered="0"/><counter type="BRANCH" missed="4" covered="0"/><counter type="LINE" missed="5" covered="0"/><counter type="COMPLEXITY" missed="5" covered="0"/><counter type="METHOD" missed="3" covered="0"/><counter type="CLASS" missed="1" covered="0"/></sourcefile><sourcefile name="IsRegionClosedValidator.java"><line nr="13" mi="3" ci="0" mb="0" cb="0"/><line nr="20" mi="1" ci="0" mb="0" cb="0"/><line nr="27" mi="3" ci="0" mb="2" cb="0"/><line nr="29" mi="2" ci="0" mb="0" cb="0"/><line nr="32" mi="4" ci="0" mb="0" cb="0"/><line nr="33" mi="4" ci="0" mb="0" cb="0"/><line nr="36" mi="16" ci="0" mb="4" cb="0"/><counter type="INSTRUCTION" missed="33" covered="0"/><counter type="BRANCH" missed="6" covered="0"/><counter type="LINE" missed="7" covered="0"/><counter type="COMPLEXITY" missed="6" covered="0"/><counter type="METHOD" missed="3" covered="0"/><counter type="CLASS" missed="1" covered="0"/></sourcefile><sourcefile name="IsRegionClosed.java"/><counter type="INSTRUCTION" missed="52" covered="0"/><counter type="BRANCH" missed="10" covered="0"/><counter type="LINE" missed="12" covered="0"/><counter type="COMPLEXITY" missed="11" covered="0"/><counter type="METHOD" missed="6" covered="0"/><counter type="CLASS" missed="2" covered="0"/></package><package name="uk/ac/ed/acp/cw2"><class name="uk/ac/ed/acp/cw2/Application" sourcefilename="Application.java"><method name="&lt;init&gt;" desc="()V" line="16"><counter type="INSTRUCTION" missed="0" covered="3"/><counter type="LINE" missed="0" covered="1"/><counter type="COMPLEXITY" missed="0" covered="1"/><counter type="METHOD" missed="0" covered="1"/></method><method name="main" desc="([Ljava/lang/String;)V" line="20"><counter type="INSTRUCTION" missed="5" covered="0"/><counter type="LINE" missed="2" covered="0"/><counter type="COMPLEXITY" missed="1" covered="0"/><counter type="METHOD" missed="1" covered="0"/></method><counter type="INSTRUCTION" missed="5" covered="3"/><counter type="LINE" missed="2" covered="1"/><counter type="COMPLEXITY" missed="1" covered="1"/><counter type="METHOD" missed="1" covered="1"/><counter type="CLASS" missed="0" covered="1"/></class><sourcefile name="Application.java"><line nr="16" mi="0" ci="3" mb="0" cb="0"/><line nr="20" mi="4" ci="0" mb="0" cb="0"/><line nr="22" mi="1" ci="0" mb="0" cb="0"/><counter type="INSTRUCTION" missed="5" covered="3"/><counter type="LINE" missed="2" covered="1"/><counter type="COMPLEXITY" missed="1" covered="1"/><counter type="METHOD" missed="1" covered="1"/><counter type="CLASS" missed="0" covered="1"/></sourcefile><counter type="INSTRUCTION" missed="5" covered="3"/><counter type="LINE" missed="2" covered="1"/><counter type="COMPLEXITY" missed="1" covered="1"/><counter type="METHOD" missed="1" covered="1"/><counter type="CLASS" missed="0" covered="1"/></package><package name="uk/ac/ed/acp/cw2/utility"><class name="uk/ac/ed/acp/cw2/utility/Utility$Node" sourcefilename="Utility.java"><method name="&lt;init&gt;" desc="(Luk/ac/ed/acp/cw2/utility/Utility$Node;Luk/ac/ed/acp/cw2/data/Position;Ljava/lang/Double;Ljava/lang/Double;)V" line="49"><counter type="INSTRUCTION" missed="0" covered="21"/><counter type="LINE" missed="0" covered="6"/><counter type="COMPLEXITY" missed="0" covered="1"/><counter type="METHOD" missed="0" covered="1"/></method><method name="compareTo" desc="(Luk/ac/ed/acp/cw2/utility/Utility$Node;)I" line="59"><counter type="INSTRUCTION" missed="0" covered="8"/><counter type="LINE" missed="0" covered="1"/><counter type="COMPLEXITY" missed="0" covered="1"/><counter type="METHOD" missed="0" covered="1"/></method><counter type="INSTRUCTION" missed="0" covered="29"/><counter type="LINE" missed="0" covered="7"/><counter type="COMPLEXITY" missed="0" covered="2"/><counter type="METHOD" missed="0" covered="2"/><counter type="CLASS" missed="0" covered="1"/></class><class name="uk/ac/ed/acp/cw2/utility/Utility$2" sourcefilename="Utility.java"><method name="&lt;init&gt;" desc="(Luk/ac/ed/acp/cw2/utility/Utility;)V" line="208"><counter type="INSTRUCTION" missed="3" covered="0"/><counter type="LINE" missed="1" covered="0"/><counter type="COMPLEXITY" missed="1" covered="0"/><counter type="METHOD" missed="1" covered="0"/></method><counter type="INSTRUCTION" missed="3" covered="0"/><counter type="LINE" missed="1" covered="0"/><counter type="COMPLEXITY" missed="1" covered="0"/><counter type="METHOD" missed="1" covered="0"/><counter type="CLASS" missed="1" covered="0"/></class><class name="uk/ac/ed/acp/cw2/utility/Utility$1" sourcefilename="Utility.java"><method name="&lt;init&gt;" desc="(Luk/ac/ed/acp/cw2/utility/Utility;)V" line="207"><counter type="INSTRUCTION" missed="3" covered="0"/><counter type="LINE" missed="1" covered="0"/><counter type="COMPLEXITY" missed="1" covered="0"/><counter type="METHOD" missed="1" covered="0"/></method><counter type="INSTRUCTION" missed="3" covered="0"/><counter type="LINE" missed="1" covered="0"/><counter type="COMPLEXITY" missed="1" covered="0"/><counter type="METHOD" missed="1" covered="0"/><counter type="CLASS" missed="1" covered="0"/></class><class name="uk/ac/ed/acp/cw2/utility/Utility" sourcefilename="Utility.java"><method name="&lt;init&gt;" desc="(Lcom/fasterxml/jackson/databind/ObjectMapper;)V" line="35"><counter type="INSTRUCTION" missed="0" covered="6"/><counter type="LINE" missed="0" covered="3"/><counter type="COMPLEXITY" missed="0" covered="1"/><counter type="METHOD" missed="0" covered="1"/></method><method name="calculateDistance" desc="(Luk/ac/ed/acp/cw2/data/Position;Luk/ac/ed/acp/cw2/data/Position;)Ljava/lang/Double;" line="67"><counter type="INSTRUCTION" missed="0" covered="48"/><counter type="LINE" missed="0" covered="10"/><counter type="COMPLEXITY" missed="0" covered="1"/><counter type="METHOD" missed="0" covered="1"/></method><method name="getRegionEdges" desc="(Luk/ac/ed/acp/cw2/data/Region;)Ljava/util/ArrayList;" line="88"><counter type="INSTRUCTION" missed="48" covered="0"/><counter type="BRANCH" missed="2" covered="0"/><counter type="LINE" missed="8" covered="0"/><counter type="COMPLEXITY" missed="2" covered="0"/><counter type="METHOD" missed="1" covered="0"/></method><method name="isPositionOnEdge" desc="(Luk/ac/ed/acp/cw2/data/Position;Luk/ac/ed/acp/cw2/data/PositionsRequest;)Z" line="108"><counter type="INSTRUCTION" missed="89" covered="0"/><counter type="BRANCH" missed="10" covered="0"/><counter type="LINE" missed="11" covered="0"/><counter type="COMPLEXITY" missed="6" covered="0"/><counter type="METHOD" missed="1" covered="0"/></method><method name="isEdgeIntersectWithRay" desc="(Luk/ac/ed/acp/cw2/data/Position;Luk/ac/ed/acp/cw2/data/PositionsRequest;)Z" line="133"><counter type="INSTRUCTION" missed="95" covered="0"/><counter type="BRANCH" missed="12" covered="0"/><counter type="LINE" missed="15" covered="0"/><counter type="COMPLEXITY" missed="7" covered="0"/><counter type="METHOD" missed="1" covered="0"/></method><method name="isInRegion" desc="(Luk/ac/ed/acp/cw2/data/PositionRegionRequest;)Z" line="171"><counter type="INSTRUCTION" missed="44" covered="0"/><counter type="BRANCH" missed="8" covered="0"/><counter type="LINE" missed="11" covered="0"/><counter type="COMPLEXITY" missed="5" covered="0"/><counter type="METHOD" missed="1" covered="0"/></method><method name="getDroneAttributeValue" desc="(Luk/ac/ed/acp/cw2/data/Drone;Ljava/lang/String;)Ljava/lang/Object;" line="203"><counter type="INSTRUCTION" missed="55" covered="0"/><counter type="BRANCH" missed="4" covered="0"/><counter type="LINE" missed="14" covered="0"/><counter type="COMPLEXITY" missed="3" covered="0"/><counter type="METHOD" missed="1" covered="0"/></method><method name="checkDroneMatchesQuery" desc="(Ljava/lang/Object;Ljava/lang/String;Ljava/lang/String;)Z" line="232"><counter type="INSTRUCTION" missed="132" covered="0"/><counter type="BRANCH" missed="37" covered="0"/><counter type="LINE" missed="25" covered="0"/><counter type="COMPLEXITY" missed="23" covered="0"/><counter type="METHOD" missed="1" covered="0"/></method><method name="getAvailabilityMap" desc="(Ljava/util/ArrayList;)Ljava/util/Map;" line="276"><counter type="INSTRUCTION" missed="41" covered="0"/><counter type="BRANCH" missed="4" covered="0"/><counter type="LINE" missed="10" covered="0"/><counter type="COMPLEXITY" missed="3" covered="0"/><counter type="METHOD" missed="1" covered="0"/></method><method name="checkDroneMeetsRequirements" desc="(Luk/ac/ed/acp/cw2/data/Drone;Luk/ac/ed/acp/cw2/data/MedicineDispatchRequest;Luk/ac/ed/acp/cw2/data/Position;)Z" line="290"><counter type="INSTRUCTION" missed="111" covered="0"/><counter type="BRANCH" missed="26" covered="0"/><counter type="LINE" missed="19" covered="0"/><counter type="COMPLEXITY" missed="14" covered="0"/><counter type="METHOD" missed="1" covered="0"/></method><method name="checkDroneIsAvailable" desc="(Luk/ac/ed/acp/cw2/data/Drone;Luk/ac/ed/acp/cw2/data/MedicineDispatchRequest;Ljava/util/Map;)Z" line="337"><counter type="INSTRUCTION" missed="74" covered="0"/><counter type="BRANCH" missed="20" covered="0"/><counter type="LINE" missed="18" covered="0"/><counter type="COMPLEXITY" missed="11" covered="0"/><counter type="METHOD" missed="1" covered="0"/></method><method name="getAllDates" desc="(Ljava/util/ArrayList;)Ljava/util/Set;" line="381"><counter type="INSTRUCTION" missed="0" covered="22"/><counter type="BRANCH" missed="0" covered="2"/><counter type="LINE" missed="0" covered="5"/><counter type="COMPLEXITY" missed="0" covered="2"/><counter type="METHOD" missed="0" covered="1"/></method><method name="getMedicineDispatchByDate" desc="(Ljava/util/ArrayList;Ljava/time/LocalDate;)Ljava/util/ArrayList;" line="391"><counter type="INSTRUCTION" missed="0" covered="26"/><counter type="BRANCH" missed="1" covered="3"/><counter type="LINE" missed="0" covered="6"/><counter type="COMPLEXITY" missed="1" covered="2"/><counter type="METHOD" missed="0" covered="1"/></method><method name="getServicePointPosition" desc="(Ljava/lang/String;Ljava/util/ArrayList;Ljava/util/ArrayList;Ljava/time/LocalDate;Ljava/time/LocalTime;)Luk/ac/ed/acp/cw2/data/Position;" line="406"><counter type="INSTRUCTION" missed="3" covered="96"/><counter type="BRANCH" missed="11" covered="13"/><counter type="LINE" missed="3" covered="21"/><counter type="COMPLEXITY" missed="11" covered="2"/><counter type="METHOD" missed="0" covered="1"/></method><method name="addDeliveriesToRetunedPath" desc="(Ljava/lang/String;Ljava/lang/Integer;Ljava/util/ArrayList;Luk/ac/ed/acp/cw2/data/ReturnedPath;)V" line="454"><counter type="INSTRUCTION" missed="1" covered="56"/><counter type="BRANCH" missed="1" covered="5"/><counter type="LINE" missed="1" covered="12"/><counter type="COMPLEXITY" missed="1" covered="3"/><counter type="METHOD" missed="0" covered="1"/></method><method name="orient" desc="(Luk/ac/ed/acp/cw2/data/Position;Luk/ac/ed/acp/cw2/data/Position;Luk/ac/ed/acp/cw2/data/Position;)D" line="476"><counter type="INSTRUCTION" missed="40" covered="0"/><counter type="LINE" missed="5" covered="0"/><counter type="COMPLEXITY" missed="1" covered="0"/><counter type="METHOD" missed="1" covered="0"/></method><method name="onSegment" desc="(Luk/ac/ed/acp/cw2/data/Position;Luk/ac/ed/acp/cw2/data/Position;Luk/ac/ed/acp/cw2/data/Position;)Z" line="486"><counter type="INSTRUCTION" missed="68" covered="0"/><counter type="BRANCH" missed="8" covered="0"/><counter type="LINE" missed="5" covered="0"/><counter type="COMPLEXITY" missed="5" covered="0"/><counter type="METHOD" missed="1" covered="0"/></method><method name="segmentsIntersect" desc="(Luk/ac/ed/acp/cw2/data/Position;Luk/ac/ed/acp/cw2/data/Position;Luk/ac/ed/acp/cw2/data/Position;Luk/ac/ed/acp/cw2/data/Position;)Z" line="496"><counter type="INSTRUCTION" missed="92" covered="0"/><counter type="BRANCH" missed="20" covered="0"/><counter type="LINE" missed="15" covered="0"/><counter type="COMPLEXITY" missed="11" covered="0"/><counter type="METHOD" missed="1" covered="0"/></method><method name="isPathIntersectingAreaEdges" desc="(Luk/ac/ed/acp/cw2/data/PositionsRequest;Luk/ac/ed/acp/cw2/data/RestrictedArea;)Z" line="530"><counter type="INSTRUCTION" missed="47" covered="0"/><counter type="BRANCH" missed="4" covered="0"/><counter type="LINE" missed="12" covered="0"/><counter type="COMPLEXITY" missed="3" covered="0"/><counter type="METHOD" missed="1" covered="0"/></method><method name="isPathCrossingRestrictionArea" desc="(Luk/ac/ed/acp/cw2/data/PositionsRequest;Ljava/util/ArrayList;)Z" line="554"><counter type="INSTRUCTION" missed="32" covered="10"/><counter type="BRANCH" missed="5" covered="1"/><counter type="LINE" missed="6" covered="3"/><counter type="COMPLEXITY" missed="3" covered="1"/><counter type="METHOD" missed="0" covered="1"/></method><method name="getKey" desc="(Luk/ac/ed/acp/cw2/data/Position;)Ljava/lang/String;" line="572"><counter type="INSTRUCTION" missed="0" covered="18"/><counter type="LINE" missed="0" covered="3"/><counter type="COMPLEXITY" missed="0" covered="1"/><counter type="METHOD" missed="0" covered="1"/></method><method name="calculatePath" desc="(Luk/ac/ed/acp/cw2/utility/Utility$Node;)Ljava/util/ArrayList;" line="580"><counter type="INSTRUCTION" missed="0" covered="25"/><counter type="BRANCH" missed="0" covered="2"/><counter type="LINE" missed="0" covered="7"/><counter type="COMPLEXITY" missed="0" covered="2"/><counter type="METHOD" missed="0" covered="1"/></method><method name="aStarSearch" desc="(Luk/ac/ed/acp/cw2/data/Position;Luk/ac/ed/acp/cw2/data/Position;Ljava/util/ArrayList;)Ljava/util/ArrayList;" line="594"><counter type="INSTRUCTION" missed="8" covered="146"/><counter type="BRANCH" missed="3" covered="11"/><counter type="LINE" missed="2" covered="22"/><counter type="COMPLEXITY" missed="3" covered="5"/><counter type="METHOD" missed="0" covered="1"/></method><method name="safe" desc="(Ljava/lang/String;)Ljava/lang/String;" line="637"><counter type="INSTRUCTION" missed="2" covered="7"/><counter type="BRANCH" missed="1" covered="1"/><counter type="LINE" missed="0" covered="2"/><counter type="COMPLEXITY" missed="1" covered="1"/><counter type="METHOD" missed="0" covered="1"/></method><method name="safeInteger" desc="(Ljava/lang/Integer;)Ljava/lang/String;" line="643"><counter type="INSTRUCTION" missed="2" covered="5"/><counter type="BRANCH" missed="1" covered="1"/><counter type="LINE" missed="0" covered="1"/><counter type="COMPLEXITY" missed="1" covered="1"/><counter type="METHOD" missed="0" covered="1"/></method><method name="safeDouble" desc="(Ljava/lang/Double;)D" line="647"><counter type="INSTRUCTION" missed="2" covered="5"/><counter type="BRANCH" missed="1" covered="1"/><counter type="LINE" missed="0" covered="1"/><counter type="COMPLEXITY" missed="1" covered="1"/><counter type="METHOD" missed="0" covered="1"/></method><method name="safeBool" desc="(Ljava/lang/Boolean;)Ljava/lang/String;" line="651"><counter type="INSTRUCTION" missed="2" covered="5"/><counter type="BRANCH" missed="1" covered="1"/><counter type="LINE" missed="0" covered="1"/><counter type="COMPLEXITY" missed="1" covered="1"/><counter type="METHOD" missed="0" covered="1"/></method><method name="safeDate" desc="(Ljava/time/LocalDate;)Ljava/lang/String;" line="655"><counter type="INSTRUCTION" missed="2" covered="5"/><counter type="BRANCH" missed="1" covered="1"/><counter type="LINE" missed="0" covered="1"/><counter type="COMPLEXITY" missed="1" covered="1"/><counter type="METHOD" missed="0" covered="1"/></method><method name="safeTime" desc="(Ljava/time/LocalTime;)Ljava/lang/String;" line="659"><counter type="INSTRUCTION" missed="2" covered="5"/><counter type="BRANCH" missed="1" covered="1"/><counter type="LINE" missed="0" covered="1"/><counter type="COMPLEXITY" missed="1" covered="1"/><counter type="METHOD" missed="0" covered="1"/></method><method name="log" desc="(Luk/ac/ed/acp/cw2/data/LogEntry;)V" line="664"><counter type="INSTRUCTION" missed="18" covered="135"/><counter type="BRANCH" missed="1" covered="1"/><counter type="LINE" missed="5" covered="22"/><counter type="COMPLEXITY" missed="1" covered="1"/><counter type="METHOD" missed="0" covered="1"/></method><method name="getServicePoint" desc="(Luk/ac/ed/acp/cw2/data/Position;Ljava/util/ArrayList;)Luk/ac/ed/acp/cw2/data/ServicePoint;" line="723"><counter type="INSTRUCTION" missed="3" covered="34"/><counter type="BRANCH" missed="4" covered="4"/><counter type="LINE" missed="2" covered="8"/><counter type="COMPLEXITY" missed="4" covered="1"/><counter type="METHOD" missed="0" covered="1"/></method><method name="getMedicineDispatchRequestById" desc="(Ljava/lang/Integer;Ljava/util/ArrayList;)Luk/ac/ed/acp/cw2/data/MedicineDispatchRequest;" line="741"><counter type="INSTRUCTION" missed="4" covered="24"/><counter type="BRANCH" missed="4" covered="6"/><counter type="LINE" missed="2" covered="5"/><counter type="COMPLEXITY" missed="4" covered="2"/><counter type="METHOD" missed="0" covered="1"/></method><method name="logReturnedPath" desc="(Luk/ac/ed/acp/cw2/data/ReturnedPath;Ljava/util/ArrayList;Ljava/util/ArrayList;)V" line="759"><counter type="INSTRUCTION" missed="9" covered="196"/><counter type="BRANCH" missed="17" covered="25"/><counter type="LINE" missed="9" covered="46"/><counter type="COMPLEXITY" missed="17" covered="5"/><counter type="METHOD" missed="0" covered="1"/></method><method name="lambda$getAvailabilityMap$0" desc="(Ljava/lang/String;)Ljava/util/ArrayList;" line="281"><counter type="INSTRUCTION" missed="4" covered="0"/><counter type="LINE" missed="1" covered="0"/><counter type="COMPLEXITY" missed="1" covered="0"/><counter type="METHOD" missed="1" covered="0"/></method><counter type="INSTRUCTION" missed="1030" covered="874"/><counter type="BRANCH" missed="208" covered="79"/><counter type="LINE" missed="198" covered="180"/><counter type="COMPLEXITY" missed="146" covered="35"/><counter type="METHOD" missed="14" covered="20"/><counter type="CLASS" missed="0" covered="1"/></class><sourcefile name="Utility.java"><line nr="35" mi="0" ci="2" mb="0" cb="0"/><line nr="36" mi="0" ci="3" mb="0" cb="0"/><line nr="37" mi="0" ci="1" mb="0" cb="0"/><line nr="49" mi="0" ci="2" mb="0" cb="0"/><line nr="50" mi="0" ci="3" mb="0" cb="0"/><line nr="51" mi="0" ci="3" mb="0" cb="0"/><line nr="52" mi="0" ci="3" mb="0" cb="0"/><line nr="53" mi="0" ci="9" mb="0" cb="0"/><line nr="54" mi="0" ci="1" mb="0" cb="0"/><line nr="59" mi="0" ci="8" mb="0" cb="0"/><line nr="67" mi="0" ci="3" mb="0" cb="0"/><line nr="68" mi="0" ci="3" mb="0" cb="0"/><line nr="69" mi="0" ci="3" mb="0" cb="0"/><line nr="70" mi="0" ci="3" mb="0" cb="0"/><line nr="72" mi="0" ci="6" mb="0" cb="0"/><line nr="73" mi="0" ci="6" mb="0" cb="0"/><line nr="75" mi="0" ci="10" mb="0" cb="0"/><line nr="78" mi="0" ci="5" mb="0" cb="0"/><line nr="79" mi="0" ci="3" mb="0" cb="0"/><line nr="81" mi="0" ci="6" mb="0" cb="0"/><line nr="88" mi="6" ci="0" mb="0" cb="0"/><line nr="91" mi="6" ci="0" mb="0" cb="0"/><line nr="92" mi="4" ci="0" mb="0" cb="0"/><line nr="95" mi="10" ci="0" mb="2" cb="0"/><line nr="97" mi="5" ci="0" mb="0" cb="0"/><line nr="98" mi="7" ci="0" mb="0" cb="0"/><line nr="99" mi="8" ci="0" mb="0" cb="0"/><line nr="102" mi="2" ci="0" mb="0" cb="0"/><line nr="108" mi="4" ci="0" mb="0" cb="0"/><line nr="109" mi="4" ci="0" mb="0" cb="0"/><line nr="110" mi="4" ci="0" mb="0" cb="0"/><line nr="111" mi="4" ci="0" mb="0" cb="0"/><line nr="112" mi="3" ci="0" mb="0" cb="0"/><line nr="113" mi="3" ci="0" mb="0" cb="0"/><line nr="116" mi="27" ci="0" mb="2" cb="0"/><line nr="119" mi="18" ci="0" mb="4" cb="0"/><line nr="121" mi="18" ci="0" mb="4" cb="0"/><line nr="123" mi="2" ci="0" mb="0" cb="0"/><line nr="127" mi="2" ci="0" mb="0" cb="0"/><line nr="133" mi="4" ci="0" mb="0" cb="0"/><line nr="134" mi="4" ci="0" mb="0" cb="0"/><line nr="135" mi="4" ci="0" mb="0" cb="0"/><line nr="136" mi="4" ci="0" mb="0" cb="0"/><line nr="137" mi="3" ci="0" mb="0" cb="0"/><line nr="138" mi="3" ci="0" mb="0" cb="0"/><line nr="142" mi="13" ci="0" mb="4" cb="0"/><line nr="144" mi="2" ci="0" mb="0" cb="0"/><line nr="148" mi="18" ci="0" mb="4" cb="0"/><line nr="151" mi="4" ci="0" mb="2" cb="0"/><line nr="153" mi="2" ci="0" mb="0" cb="0"/><line nr="158" mi="12" ci="0" mb="0" cb="0"/><line nr="159" mi="11" ci="0" mb="0" cb="0"/><line nr="160" mi="9" ci="0" mb="2" cb="0"/><line nr="165" mi="2" ci="0" mb="0" cb="0"/><line nr="171" mi="3" ci="0" mb="0" cb="0"/><line nr="172" mi="3" ci="0" mb="0" cb="0"/><line nr="175" mi="2" ci="0" mb="0" cb="0"/><line nr="176" mi="4" ci="0" mb="0" cb="0"/><line nr="179" mi="10" ci="0" mb="2" cb="0"/><line nr="182" mi="5" ci="0" mb="2" cb="0"/><line nr="184" mi="2" ci="0" mb="0" cb="0"/><line nr="187" mi="5" ci="0" mb="2" cb="0"/><line nr="189" mi="1" ci="0" mb="0" cb="0"/><line nr="191" mi="1" ci="0" mb="0" cb="0"/><line nr="194" mi="8" ci="0" mb="2" cb="0"/><line nr="203" mi="2" ci="0" mb="0" cb="0"/><line nr="205" mi="3" ci="0" mb="0" cb="0"/><line nr="207" mi="13" ci="0" mb="0" cb="0"/><line nr="208" mi="13" ci="0" mb="0" cb="0"/><line nr="210" mi="4" ci="0" mb="2" cb="0"/><line nr="211" mi="5" ci="0" mb="0" cb="0"/><line nr="212" mi="4" ci="0" mb="2" cb="0"/><line nr="213" mi="4" ci="0" mb="0" cb="0"/><line nr="216" mi="2" ci="0" mb="0" cb="0"/><line nr="218" mi="1" ci="0" mb="0" cb="0"/><line nr="220" mi="2" ci="0" mb="0" cb="0"/><line nr="222" mi="1" ci="0" mb="0" cb="0"/><line nr="224" mi="5" ci="0" mb="0" cb="0"/><line nr="225" mi="2" ci="0" mb="0" cb="0"/><line nr="232" mi="3" ci="0" mb="2" cb="0"/><line nr="234" mi="3" ci="0" mb="0" cb="0"/><line nr="235" mi="4" ci="0" mb="0" cb="0"/><line nr="236" mi="9" ci="0" mb="7" cb="0"/><line nr="238" mi="8" ci="0" mb="2" cb="0"/><line nr="239" mi="8" ci="0" mb="2" cb="0"/><line nr="240" mi="8" ci="0" mb="2" cb="0"/><line nr="241" mi="8" ci="0" mb="2" cb="0"/><line nr="242" mi="8" ci="0" mb="2" cb="0"/><line nr="243" mi="8" ci="0" mb="2" cb="0"/><line nr="244" mi="1" ci="0" mb="0" cb="0"/><line nr="247" mi="3" ci="0" mb="2" cb="0"/><line nr="249" mi="3" ci="0" mb="0" cb="0"/><line nr="250" mi="4" ci="0" mb="0" cb="0"/><line nr="252" mi="9" ci="0" mb="3" cb="0"/><line nr="254" mi="7" ci="0" mb="2" cb="0"/><line nr="255" mi="7" ci="0" mb="2" cb="0"/><line nr="256" mi="1" ci="0" mb="0" cb="0"/><line nr="259" mi="3" ci="0" mb="2" cb="0"/><line nr="261" mi="3" ci="0" mb="0" cb="0"/><line nr="263" mi="9" ci="0" mb="3" cb="0"/><line nr="265" mi="4" ci="0" mb="0" cb="0"/><line nr="266" mi="8" ci="0" mb="2" cb="0"/><line nr="267" mi="1" ci="0" mb="0" cb="0"/><line nr="271" mi="2" ci="0" mb="0" cb="0"/><line nr="276" mi="4" ci="0" mb="0" cb="0"/><line nr="277" mi="10" ci="0" mb="2" cb="0"/><line nr="278" mi="11" ci="0" mb="2" cb="0"/><line nr="279" mi="3" ci="0" mb="0" cb="0"/><line nr="280" mi="3" ci="0" mb="0" cb="0"/><line nr="281" mi="7" ci="0" mb="0" cb="0"/><line nr="282" mi="3" ci="0" mb="0" cb="0"/><line nr="283" mi="1" ci="0" mb="0" cb="0"/><line nr="284" mi="1" ci="0" mb="0" cb="0"/><line nr="285" mi="2" ci="0" mb="0" cb="0"/><line nr="290" mi="3" ci="0" mb="0" cb="0"/><line nr="291" mi="3" ci="0" mb="0" cb="0"/><line nr="292" mi="2" ci="0" mb="0" cb="0"/><line nr="294" mi="9" ci="0" mb="2" cb="0"/><line nr="296" mi="2" ci="0" mb="0" cb="0"/><line nr="299" mi="11" ci="0" mb="6" cb="0"/><line nr="301" mi="2" ci="0" mb="0" cb="0"/><line nr="304" mi="11" ci="0" mb="6" cb="0"/><line nr="306" mi="2" ci="0" mb="0" cb="0"/><line nr="310" mi="2" ci="0" mb="2" cb="0"/><line nr="312" mi="3" ci="0" mb="0" cb="0"/><line nr="316" mi="9" ci="0" mb="0" cb="0"/><line nr="317" mi="6" ci="0" mb="0" cb="0"/><line nr="318" mi="14" ci="0" mb="0" cb="0"/><line nr="320" mi="11" ci="0" mb="2" cb="0"/><line nr="321" mi="13" ci="0" mb="4" cb="0"/><line nr="323" mi="4" ci="0" mb="4" cb="0"/><line nr="325" mi="2" ci="0" mb="0" cb="0"/><line nr="332" mi="2" ci="0" mb="0" cb="0"/><line nr="337" mi="6" ci="0" mb="0" cb="0"/><line nr="338" mi="3" ci="0" mb="0" cb="0"/><line nr="339" mi="3" ci="0" mb="0" cb="0"/><line nr="340" mi="2" ci="0" mb="0" cb="0"/><line nr="344" mi="5" ci="0" mb="4" cb="0"/><line nr="346" mi="2" ci="0" mb="0" cb="0"/><line nr="350" mi="10" ci="0" mb="2" cb="0"/><line nr="352" mi="2" ci="0" mb="2" cb="0"/><line nr="354" mi="10" ci="0" mb="2" cb="0"/><line nr="358" mi="2" ci="0" mb="0" cb="0"/><line nr="361" mi="2" ci="0" mb="2" cb="0"/><line nr="363" mi="15" ci="0" mb="4" cb="0"/><line nr="367" mi="2" ci="0" mb="0" cb="0"/><line nr="370" mi="4" ci="0" mb="4" cb="0"/><line nr="372" mi="2" ci="0" mb="0" cb="0"/><line nr="373" mi="1" ci="0" mb="0" cb="0"/><line nr="375" mi="1" ci="0" mb="0" cb="0"/><line nr="376" mi="2" ci="0" mb="0" cb="0"/><line nr="381" mi="0" ci="4" mb="0" cb="0"/><line nr="382" mi="0" ci="10" mb="0" cb="2"/><line nr="384" mi="0" ci="5" mb="0" cb="0"/><line nr="385" mi="0" ci="1" mb="0" cb="0"/><line nr="386" mi="0" ci="2" mb="0" cb="0"/><line nr="391" mi="0" ci="4" mb="0" cb="0"/><line nr="392" mi="0" ci="10" mb="0" cb="2"/><line nr="394" mi="0" ci="5" mb="1" cb="1"/><line nr="396" mi="0" ci="4" mb="0" cb="0"/><line nr="398" mi="0" ci="1" mb="0" cb="0"/><line nr="399" mi="0" ci="2" mb="0" cb="0"/><line nr="406" mi="0" ci="2" mb="0" cb="0"/><line nr="407" mi="0" ci="10" mb="1" cb="1"/><line nr="409" mi="0" ci="11" mb="1" cb="1"/><line nr="411" mi="0" ci="5" mb="1" cb="1"/><line nr="413" mi="0" ci="11" mb="1" cb="1"/><line nr="415" mi="0" ci="6" mb="0" cb="2"/><line nr="417" mi="0" ci="10" mb="2" cb="2"/><line nr="419" mi="0" ci="4" mb="0" cb="0"/><line nr="420" mi="0" ci="1" mb="0" cb="0"/><line nr="423" mi="0" ci="1" mb="0" cb="0"/><line nr="425" mi="0" ci="3" mb="1" cb="1"/><line nr="427" mi="0" ci="1" mb="0" cb="0"/><line nr="429" mi="1" ci="0" mb="0" cb="0"/><line nr="430" mi="0" ci="3" mb="1" cb="1"/><line nr="432" mi="0" ci="1" mb="0" cb="0"/><line nr="434" mi="1" ci="0" mb="0" cb="0"/><line nr="436" mi="0" ci="2" mb="0" cb="0"/><line nr="437" mi="0" ci="3" mb="1" cb="1"/><line nr="439" mi="0" ci="10" mb="1" cb="1"/><line nr="441" mi="0" ci="6" mb="1" cb="1"/><line nr="443" mi="0" ci="3" mb="0" cb="0"/><line nr="444" mi="0" ci="1" mb="0" cb="0"/><line nr="446" mi="1" ci="0" mb="0" cb="0"/><line nr="448" mi="0" ci="2" mb="0" cb="0"/><line nr="454" mi="0" ci="2" mb="0" cb="0"/><line nr="455" mi="0" ci="11" mb="0" cb="2"/><line nr="457" mi="0" ci="5" mb="1" cb="1"/><line nr="459" mi="0" ci="2" mb="0" cb="0"/><line nr="460" mi="0" ci="9" mb="0" cb="0"/><line nr="461" mi="0" ci="1" mb="0" cb="0"/><line nr="463" mi="1" ci="0" mb="0" cb="0"/><line nr="465" mi="0" ci="2" mb="0" cb="2"/><line nr="467" mi="0" ci="4" mb="0" cb="0"/><line nr="468" mi="0" ci="8" mb="0" cb="0"/><line nr="469" mi="0" ci="6" mb="0" cb="0"/><line nr="470" mi="0" ci="5" mb="0" cb="0"/><line nr="473" mi="0" ci="1" mb="0" cb="0"/><line nr="476" mi="8" ci="0" mb="0" cb="0"/><line nr="477" mi="8" ci="0" mb="0" cb="0"/><line nr="478" mi="8" ci="0" mb="0" cb="0"/><line nr="479" mi="8" ci="0" mb="0" cb="0"/><line nr="480" mi="8" ci="0" mb="0" cb="0"/><line nr="486" mi="10" ci="0" mb="0" cb="0"/><line nr="487" mi="10" ci="0" mb="0" cb="0"/><line nr="488" mi="10" ci="0" mb="0" cb="0"/><line nr="489" mi="10" ci="0" mb="0" cb="0"/><line nr="490" mi="28" ci="0" mb="8" cb="0"/><line nr="496" mi="6" ci="0" mb="0" cb="0"/><line nr="497" mi="6" ci="0" mb="0" cb="0"/><line nr="498" mi="6" ci="0" mb="0" cb="0"/><line nr="499" mi="6" ci="0" mb="0" cb="0"/><line nr="502" mi="12" ci="0" mb="4" cb="0"/><line nr="504" mi="2" ci="0" mb="0" cb="0"/><line nr="508" mi="11" ci="0" mb="4" cb="0"/><line nr="510" mi="2" ci="0" mb="0" cb="0"/><line nr="512" mi="11" ci="0" mb="4" cb="0"/><line nr="514" mi="2" ci="0" mb="0" cb="0"/><line nr="516" mi="11" ci="0" mb="4" cb="0"/><line nr="518" mi="2" ci="0" mb="0" cb="0"/><line nr="520" mi="11" ci="0" mb="4" cb="0"/><line nr="522" mi="2" ci="0" mb="0" cb="0"/><line nr="525" mi="2" ci="0" mb="0" cb="0"/><line nr="530" mi="2" ci="0" mb="0" cb="0"/><line nr="531" mi="10" ci="0" mb="0" cb="0"/><line nr="533" mi="3" ci="0" mb="0" cb="0"/><line nr="534" mi="3" ci="0" mb="0" cb="0"/><line nr="536" mi="10" ci="0" mb="2" cb="0"/><line nr="538" mi="3" ci="0" mb="0" cb="0"/><line nr="539" mi="3" ci="0" mb="0" cb="0"/><line nr="541" mi="7" ci="0" mb="2" cb="0"/><line nr="543" mi="2" ci="0" mb="0" cb="0"/><line nr="544" mi="1" ci="0" mb="0" cb="0"/><line nr="546" mi="1" ci="0" mb="0" cb="0"/><line nr="547" mi="2" ci="0" mb="0" cb="0"/><line nr="554" mi="0" ci="2" mb="0" cb="0"/><line nr="556" mi="4" ci="6" mb="1" cb="1"/><line nr="558" mi="8" ci="0" mb="0" cb="0"/><line nr="559" mi="7" ci="0" mb="0" cb="0"/><line nr="560" mi="9" ci="0" mb="4" cb="0"/><line nr="562" mi="2" ci="0" mb="0" cb="0"/><line nr="563" mi="1" ci="0" mb="0" cb="0"/><line nr="565" mi="1" ci="0" mb="0" cb="0"/><line nr="567" mi="0" ci="2" mb="0" cb="0"/><line nr="572" mi="0" ci="7" mb="0" cb="0"/><line nr="573" mi="0" ci="7" mb="0" cb="0"/><line nr="575" mi="0" ci="4" mb="0" cb="0"/><line nr="580" mi="0" ci="4" mb="0" cb="0"/><line nr="581" mi="0" ci="3" mb="0" cb="2"/><line nr="583" mi="0" ci="5" mb="0" cb="0"/><line nr="584" mi="0" ci="4" mb="0" cb="0"/><line nr="586" mi="0" ci="5" mb="0" cb="0"/><line nr="587" mi="0" ci="2" mb="0" cb="0"/><line nr="588" mi="0" ci="2" mb="0" cb="0"/><line nr="594" mi="0" ci="2" mb="0" cb="0"/><line nr="595" mi="0" ci="2" mb="0" cb="0"/><line nr="596" mi="0" ci="4" mb="0" cb="0"/><line nr="597" mi="0" ci="4" mb="0" cb="0"/><line nr="598" mi="0" ci="14" mb="0" cb="0"/><line nr="601" mi="0" ci="3" mb="1" cb="1"/><line nr="603" mi="0" ci="4" mb="0" cb="0"/><line nr="605" mi="0" ci="4" mb="1" cb="1"/><line nr="607" mi="4" ci="0" mb="0" cb="0"/><line nr="610" mi="0" ci="9" mb="0" cb="2"/><line nr="612" mi="0" ci="4" mb="0" cb="0"/><line nr="614" mi="0" ci="7" mb="0" cb="2"/><line nr="616" mi="0" ci="7" mb="0" cb="0"/><line nr="617" mi="0" ci="11" mb="0" cb="2"/><line nr="619" mi="0" ci="3" mb="0" cb="0"/><line nr="620" mi="0" ci="11" mb="0" cb="0"/><line nr="621" mi="0" ci="11" mb="0" cb="0"/><line nr="622" mi="0" ci="6" mb="0" cb="0"/><line nr="623" mi="0" ci="7" mb="0" cb="0"/><line nr="624" mi="0" ci="16" mb="0" cb="0"/><line nr="626" mi="0" ci="12" mb="1" cb="3"/><line nr="628" mi="0" ci="4" mb="0" cb="0"/><line nr="632" mi="0" ci="1" mb="0" cb="0"/><line nr="633" mi="4" ci="0" mb="0" cb="0"/><line nr="637" mi="2" ci="2" mb="1" cb="1"/><line nr="639" mi="0" ci="5" mb="0" cb="0"/><line nr="643" mi="2" ci="5" mb="1" cb="1"/><line nr="647" mi="2" ci="5" mb="1" cb="1"/><line nr="651" mi="2" ci="5" mb="1" cb="1"/><line nr="655" mi="2" ci="5" mb="1" cb="1"/><line nr="659" mi="2" ci="5" mb="1" cb="1"/><line nr="664" mi="0" ci="6" mb="0" cb="0"/><line nr="667" mi="0" ci="5" mb="1" cb="1"/><line nr="669" mi="6" ci="0" mb="0" cb="0"/><line nr="688" mi="1" ci="0" mb="0" cb="0"/><line nr="690" mi="5" ci="0" mb="0" cb="0"/><line nr="691" mi="0" ci="1" mb="0" cb="0"/><line nr="693" mi="0" ci="9" mb="0" cb="0"/><line nr="695" mi="0" ci="7" mb="0" cb="0"/><line nr="696" mi="0" ci="7" mb="0" cb="0"/><line nr="697" mi="0" ci="8" mb="0" cb="0"/><line nr="698" mi="0" ci="8" mb="0" cb="0"/><line nr="699" mi="0" ci="7" mb="0" cb="0"/><line nr="700" mi="0" ci="7" mb="0" cb="0"/><line nr="701" mi="0" ci="8" mb="0" cb="0"/><line nr="702" mi="0" ci="8" mb="0" cb="0"/><line nr="703" mi="0" ci="7" mb="0" cb="0"/><line nr="704" mi="0" ci="7" mb="0" cb="0"/><line nr="705" mi="0" ci="8" mb="0" cb="0"/><line nr="706" mi="0" ci="8" mb="0" cb="0"/><line nr="707" mi="0" ci="7" mb="0" cb="0"/><line nr="708" mi="0" ci="3" mb="0" cb="0"/><line nr="711" mi="0" ci="9" mb="0" cb="0"/><line nr="713" mi="0" ci="3" mb="0" cb="0"/><line nr="715" mi="1" ci="0" mb="0" cb="0"/><line nr="717" mi="5" ci="0" mb="0" cb="0"/><line nr="718" mi="0" ci="1" mb="0" cb="0"/><line nr="719" mi="0" ci="1" mb="0" cb="0"/><line nr="723" mi="0" ci="2" mb="1" cb="1"/><line nr="725" mi="2" ci="0" mb="0" cb="0"/><line nr="727" mi="0" ci="2" mb="0" cb="0"/><line nr="728" mi="0" ci="10" mb="1" cb="1"/><line nr="730" mi="0" ci="3" mb="0" cb="0"/><line nr="731" mi="0" ci="12" mb="2" cb="2"/><line nr="733" mi="0" ci="2" mb="0" cb="0"/><line nr="734" mi="0" ci="1" mb="0" cb="0"/><line nr="736" mi="1" ci="0" mb="0" cb="0"/><line nr="737" mi="0" ci="2" mb="0" cb="0"/><line nr="741" mi="0" ci="4" mb="2" cb="2"/><line nr="743" mi="2" ci="0" mb="0" cb="0"/><line nr="746" mi="0" ci="10" mb="1" cb="1"/><line nr="748" mi="0" ci="7" mb="1" cb="3"/><line nr="750" mi="0" ci="2" mb="0" cb="0"/><line nr="752" mi="0" ci="1" mb="0" cb="0"/><line nr="753" mi="2" ci="0" mb="0" cb="0"/><line nr="759" mi="0" ci="5" mb="2" cb="2"/><line nr="761" mi="1" ci="0" mb="0" cb="0"/><line nr="764" mi="0" ci="11" mb="0" cb="2"/><line nr="765" mi="0" ci="9" mb="3" cb="3"/><line nr="767" mi="1" ci="0" mb="0" cb="0"/><line nr="770" mi="0" ci="3" mb="0" cb="0"/><line nr="771" mi="0" ci="2" mb="1" cb="1"/><line nr="773" mi="1" ci="0" mb="0" cb="0"/><line nr="776" mi="0" ci="3" mb="0" cb="0"/><line nr="779" mi="0" ci="4" mb="0" cb="0"/><line nr="780" mi="0" ci="10" mb="0" cb="2"/><line nr="782" mi="0" ci="5" mb="1" cb="3"/><line nr="784" mi="0" ci="4" mb="0" cb="0"/><line nr="786" mi="0" ci="1" mb="0" cb="0"/><line nr="788" mi="0" ci="3" mb="1" cb="1"/><line nr="790" mi="1" ci="0" mb="0" cb="0"/><line nr="794" mi="0" ci="4" mb="0" cb="0"/><line nr="795" mi="0" ci="7" mb="2" cb="2"/><line nr="797" mi="1" ci="0" mb="0" cb="0"/><line nr="800" mi="0" ci="5" mb="0" cb="0"/><line nr="802" mi="0" ci="5" mb="0" cb="0"/><line nr="803" mi="0" ci="5" mb="2" cb="2"/><line nr="805" mi="1" ci="0" mb="0" cb="0"/><line nr="808" mi="0" ci="3" mb="0" cb="0"/><line nr="809" mi="0" ci="2" mb="1" cb="1"/><line nr="811" mi="1" ci="0" mb="0" cb="0"/><line nr="813" mi="0" ci="7" mb="0" cb="0"/><line nr="815" mi="0" ci="10" mb="0" cb="2"/><line nr="817" mi="0" ci="3" mb="0" cb="0"/><line nr="818" mi="0" ci="2" mb="1" cb="1"/><line nr="820" mi="1" ci="0" mb="0" cb="0"/><line nr="823" mi="0" ci="5" mb="0" cb="0"/><line nr="824" mi="0" ci="5" mb="2" cb="2"/><line nr="826" mi="1" ci="0" mb="0" cb="0"/><line nr="829" mi="0" ci="3" mb="0" cb="0"/><line nr="831" mi="0" ci="4" mb="0" cb="0"/><line nr="832" mi="0" ci="3" mb="0" cb="0"/><line nr="834" mi="0" ci="3" mb="0" cb="0"/><line nr="836" mi="0" ci="5" mb="0" cb="0"/><line nr="837" mi="0" ci="5" mb="0" cb="0"/><line nr="838" mi="0" ci="4" mb="0" cb="0"/><line nr="839" mi="0" ci="4" mb="0" cb="0"/><line nr="841" mi="0" ci="5" mb="0" cb="0"/><line nr="842" mi="0" ci="5" mb="0" cb="0"/><line nr="843" mi="0" ci="4" mb="0" cb="0"/><line nr="844" mi="0" ci="4" mb="0" cb="0"/><line nr="846" mi="0" ci="4" mb="0" cb="0"/><line nr="848" mi="0" ci="2" mb="1" cb="1"/><line nr="850" mi="0" ci="4" mb="0" cb="0"/><line nr="851" mi="0" ci="4" mb="0" cb="0"/><line nr="852" mi="0" ci="4" mb="0" cb="0"/><line nr="855" mi="0" ci="3" mb="0" cb="0"/><line nr="856" mi="0" ci="1" mb="0" cb="0"/><line nr="857" mi="0" ci="1" mb="0" cb="0"/><line nr="858" mi="0" ci="1" mb="0" cb="0"/><counter type="INSTRUCTION" missed="1036" covered="903"/><counter type="BRANCH" missed="208" covered="79"/><counter type="LINE" missed="198" covered="187"/><counter type="COMPLEXITY" missed="148" covered="37"/><counter type="METHOD" missed="16" covered="22"/><counter type="CLASS" missed="2" covered="2"/></sourcefile><counter type="INSTRUCTION" missed="1036" covered="903"/><counter type="BRANCH" missed="208" covered="79"/><counter type="LINE" missed="198" covered="187"/><counter type="COMPLEXITY" missed="148" covered="37"/><counter type="METHOD" missed="16" covered="22"/><counter type="CLASS" missed="2" covered="2"/></package><package name="uk/ac/ed/acp/cw2/controller"><class name="uk/ac/ed/acp/cw2/controller/ServiceController" sourcefilename="ServiceController.java"><method name="&lt;init&gt;" desc="(Luk/ac/ed/acp/cw2/service/RestService;Luk/ac/ed/acp/cw2/service/DataFetchService;)V" line="33"><counter type="INSTRUCTION" missed="0" covered="9"/><counter type="LINE" missed="0" covered="4"/><counter type="COMPLEXITY" missed="0" covered="1"/><counter type="METHOD" missed="0" covered="1"/></method><method name="index" desc="()Ljava/lang/String;" line="44"><counter type="INSTRUCTION" missed="8" covered="0"/><counter type="LINE" missed="1" covered="0"/><counter type="COMPLEXITY" missed="1" covered="0"/><counter type="METHOD" missed="1" covered="0"/></method><method name="uid" desc="()Ljava/lang/String;" line="53"><counter type="INSTRUCTION" missed="2" covered="0"/><counter type="LINE" missed="1" covered="0"/><counter type="COMPLEXITY" missed="1" covered="0"/><counter type="METHOD" missed="1" covered="0"/></method><method name="distanceTo" desc="(Luk/ac/ed/acp/cw2/data/PositionsRequest;)Ljava/lang/Double;" line="59"><counter type="INSTRUCTION" missed="5" covered="0"/><counter type="LINE" missed="1" covered="0"/><counter type="COMPLEXITY" missed="1" covered="0"/><counter type="METHOD" missed="1" covered="0"/></method><method name="isCloseTo" desc="(Luk/ac/ed/acp/cw2/data/PositionsRequest;)Z" line="65"><counter type="INSTRUCTION" missed="5" covered="0"/><counter type="LINE" missed="1" covered="0"/><counter type="COMPLEXITY" missed="1" covered="0"/><counter type="METHOD" missed="1" covered="0"/></method><method name="nextPosition" desc="(Luk/ac/ed/acp/cw2/data/PositionAngleRequest;)Ljava/lang/String;" line="71"><counter type="INSTRUCTION" missed="5" covered="0"/><counter type="LINE" missed="1" covered="0"/><counter type="COMPLEXITY" missed="1" covered="0"/><counter type="METHOD" missed="1" covered="0"/></method><method name="isInRegion" desc="(Luk/ac/ed/acp/cw2/data/PositionRegionRequest;)Z" line="77"><counter type="INSTRUCTION" missed="5" covered="0"/><counter type="LINE" missed="1" covered="0"/><counter type="COMPLEXITY" missed="1" covered="0"/><counter type="METHOD" missed="1" covered="0"/></method><method name="dronesWithCooling" desc="(Z)Ljava/util/ArrayList;" line="83"><counter type="INSTRUCTION" missed="10" covered="0"/><counter type="LINE" missed="2" covered="0"/><counter type="COMPLEXITY" missed="1" covered="0"/><counter type="METHOD" missed="1" covered="0"/></method><method name="droneDetails" desc="(Ljava/lang/String;)Lorg/springframework/http/ResponseEntity;" line="90"><counter type="INSTRUCTION" missed="18" covered="0"/><counter type="BRANCH" missed="2" covered="0"/><counter type="LINE" missed="5" covered="0"/><counter type="COMPLEXITY" missed="2" covered="0"/><counter type="METHOD" missed="1" covered="0"/></method><method name="queryAsPath" desc="(Ljava/lang/String;Ljava/lang/String;)Ljava/util/ArrayList;" line="104"><counter type="INSTRUCTION" missed="25" covered="0"/><counter type="LINE" missed="5" covered="0"/><counter type="COMPLEXITY" missed="1" covered="0"/><counter type="METHOD" missed="1" covered="0"/></method><method name="query" desc="(Ljava/util/ArrayList;)Ljava/util/ArrayList;" line="115"><counter type="INSTRUCTION" missed="10" covered="0"/><counter type="LINE" missed="2" covered="0"/><counter type="COMPLEXITY" missed="1" covered="0"/><counter type="METHOD" missed="1" covered="0"/></method><method name="queryAvailableDrones" desc="(Ljava/util/ArrayList;)Ljava/util/ArrayList;" line="122"><counter type="INSTRUCTION" missed="20" covered="0"/><counter type="LINE" missed="4" covered="0"/><counter type="COMPLEXITY" missed="1" covered="0"/><counter type="METHOD" missed="1" covered="0"/></method><method name="calcDeliveryPath" desc="(Ljava/util/ArrayList;)Luk/ac/ed/acp/cw2/data/ReturnedPath;" line="131"><counter type="INSTRUCTION" missed="0" covered="25"/><counter type="LINE" missed="0" covered="5"/><counter type="COMPLEXITY" missed="0" covered="1"/><counter type="METHOD" missed="0" covered="1"/></method><method name="calcDeliveryPathAsGeoJson" desc="(Ljava/util/ArrayList;)Luk/ac/ed/acp/cw2/data/GeoJson;" line="141"><counter type="INSTRUCTION" missed="25" covered="0"/><counter type="LINE" missed="5" covered="0"/><counter type="COMPLEXITY" missed="1" covered="0"/><counter type="METHOD" missed="1" covered="0"/></method><method name="&lt;clinit&gt;" desc="()V" line="26"><counter type="INSTRUCTION" missed="0" covered="4"/><counter type="LINE" missed="0" covered="1"/><counter type="COMPLEXITY" missed="0" covered="1"/><counter type="METHOD" missed="0" covered="1"/></method><counter type="INSTRUCTION" missed="138" covered="38"/><counter type="BRANCH" missed="2" covered="0"/><counter type="LINE" missed="29" covered="10"/><counter type="COMPLEXITY" missed="13" covered="3"/><counter type="METHOD" missed="12" covered="3"/><counter type="CLASS" missed="0" covered="1"/></class><sourcefile name="ServiceController.java"><line nr="26" mi="0" ci="4" mb="0" cb="0"/><line nr="33" mi="0" ci="2" mb="0" cb="0"/><line nr="34" mi="0" ci="3" mb="0" cb="0"/><line nr="35" mi="0" ci="3" mb="0" cb="0"/><line nr="36" mi="0" ci="1" mb="0" cb="0"/><line nr="44" mi="8" ci="0" mb="0" cb="0"/><line nr="53" mi="2" ci="0" mb="0" cb="0"/><line nr="59" mi="5" ci="0" mb="0" cb="0"/><line nr="65" mi="5" ci="0" mb="0" cb="0"/><line nr="71" mi="5" ci="0" mb="0" cb="0"/><line nr="77" mi="5" ci="0" mb="0" cb="0"/><line nr="83" mi="4" ci="0" mb="0" cb="0"/><line nr="84" mi="6" ci="0" mb="0" cb="0"/><line nr="90" mi="4" ci="0" mb="0" cb="0"/><line nr="91" mi="6" ci="0" mb="0" cb="0"/><line nr="93" mi="2" ci="0" mb="2" cb="0"/><line nr="95" mi="3" ci="0" mb="0" cb="0"/><line nr="98" mi="3" ci="0" mb="0" cb="0"/><line nr="104" mi="4" ci="0" mb="0" cb="0"/><line nr="105" mi="7" ci="0" mb="0" cb="0"/><line nr="106" mi="4" ci="0" mb="0" cb="0"/><line nr="108" mi="4" ci="0" mb="0" cb="0"/><line nr="109" mi="6" ci="0" mb="0" cb="0"/><line nr="115" mi="4" ci="0" mb="0" cb="0"/><line nr="116" mi="6" ci="0" mb="0" cb="0"/><line nr="122" mi="4" ci="0" mb="0" cb="0"/><line nr="123" mi="4" ci="0" mb="0" cb="0"/><line nr="124" mi="4" ci="0" mb="0" cb="0"/><line nr="125" mi="8" ci="0" mb="0" cb="0"/><line nr="131" mi="0" ci="4" mb="0" cb="0"/><line nr="132" mi="0" ci="4" mb="0" cb="0"/><line nr="133" mi="0" ci="4" mb="0" cb="0"/><line nr="134" mi="0" ci="4" mb="0" cb="0"/><line nr="135" mi="0" ci="9" mb="0" cb="0"/><line nr="141" mi="4" ci="0" mb="0" cb="0"/><line nr="142" mi="4" ci="0" mb="0" cb="0"/><line nr="143" mi="4" ci="0" mb="0" cb="0"/><line nr="144" mi="4" ci="0" mb="0" cb="0"/><line nr="145" mi="9" ci="0" mb="0" cb="0"/><counter type="INSTRUCTION" missed="138" covered="38"/><counter type="BRANCH" missed="2" covered="0"/><counter type="LINE" missed="29" covered="10"/><counter type="COMPLEXITY" missed="13" covered="3"/><counter type="METHOD" missed="12" covered="3"/><counter type="CLASS" missed="0" covered="1"/></sourcefile><counter type="INSTRUCTION" missed="138" covered="38"/><counter type="BRANCH" missed="2" covered="0"/><counter type="LINE" missed="29" covered="10"/><counter type="COMPLEXITY" missed="13" covered="3"/><counter type="METHOD" missed="12" covered="3"/><counter type="CLASS" missed="0" covered="1"/></package><counter type="INSTRUCTION" missed="1658" covered="1433"/><counter type="BRANCH" missed="283" covered="116"/><counter type="LINE" missed="329" covered="307"/><counter type="COMPLEXITY" missed="223" covered="64"/><counter type="METHOD" missed="45" covered="39"/><counter type="CLASS" missed="4" covered="8"/></report>