<?xml version="1.0" encoding="UTF-8"?>
<testsuite xmlns:xsi="http://www.w3.org/2001/XMLSchema-instance" xsi:noNamespaceSchemaLocation="https://maven.apache.org/surefire/maven-surefire-plugin/xsd/surefire-test-report.xsd" version="3.0.2" name="uk.ac.ed.acp.cw2.unitCW1.DTOTests" time="0.337" tests="26" errors="0" skipped="0" failures="0">
  <properties>
[...]
</properties>
  <testcase name="position_should_returnNoFaults_whenValidLngLatAreGiven" classname="uk.ac.ed.acp.cw2.unitCW1.DTOTests" time="0.043">
    <system-out><![CDATA[17:38:13.877 [main] INFO org.hibernate.validator.internal.util.Version -- HV000001: Hibernate Validator 8.0.2.Final
]]></system-out>
  </testcase>
  <testcase name="position_should_returnFaults_whenLngIsOutOfRange" classname="uk.ac.ed.acp.cw2.unitCW1.DTOTests" time="0.014"/>
  <testcase name="positionAngleRequest_should_returnFaults_whenAngleIsOutOfRange" classname="uk.ac.ed.acp.cw2.unitCW1.DTOTests" time="0.006"/>
  <testcase name="positionAngleRequest_should_returnFaults_whenAngleIsNull" classname="uk.ac.ed.acp.cw2.unitCW1.DTOTests" time="0.001"/>
  <testcase name="positionAngleRequest_should_returnFaults_whenAngleIsNotInTheSixteenDirections" classname="uk.ac.ed.acp.cw2.unitCW1.DTOTests" time="0.001"/>
  <testcase name="positionsRequest_should_returnFaults_whenPositionTwoIsInvalid" classname="uk.ac.ed.acp.cw2.unitCW1.DTOTests" time="0.002"/>
  <testcase name="positionsRequest_should_returnFaults_whenPositionOneIsInvalid" classname="uk.ac.ed.acp.cw2.unitCW1.DTOTests" time="0.001">
    <system-out><![CDATA[[ConstraintViolationImpl{interpolatedMessage='需要在-90和90之间', propertyPath=position1.lat, rootBeanClass=class uk.ac.ed.acp.cw2.data.PositionsRequest, messageTemplate='{org.hibernate.validator.constraints.Range.message}'}]
]]></system-out>
  </testcase>
  <testcase name="position_should_returnFaults_whenLatIsNull" classname="uk.ac.ed.acp.cw2.unitCW1.DTOTests" time="0.0"/>
  <testcase name="positionsRequest_should_returnFaults_whenPositionTwoIsNull" classname="uk.ac.ed.acp.cw2.unitCW1.DTOTests" time="0.001"/>
  <testcase name="positionsRequest_should_returnNoFaults_whenValidPositionAreGiven" classname="uk.ac.ed.acp.cw2.unitCW1.DTOTests" time="0.0"/>
  <testcase name="positionAngleRequest_should_returnFaults_whenPositionIsNull" classname="uk.ac.ed.acp.cw2.unitCW1.DTOTests" time="0.001"/>
  <testcase name="positionAngleRequest_should_returnFaults_whenPositionIsInvalid" classname="uk.ac.ed.acp.cw2.unitCW1.DTOTests" time="0.001"/>
  <testcase name="region_should_returnNoFaults_whenValidNameAndVerticesAreGiven" classname="uk.ac.ed.acp.cw2.unitCW1.DTOTests" time="0.005"/>
  <testcase name="positionRegionRequest_should_returnFaults_whenRegionIsInvalid" classname="uk.ac.ed.acp.cw2.unitCW1.DTOTests" time="0.002"/>
  <testcase name="positionRegionRequest_should_returnFaults_whenPositionIsInvalid" classname="uk.ac.ed.acp.cw2.unitCW1.DTOTests" time="0.0"/>
  <testcase name="region_should_returnFaults_whenNameIsNull" classname="uk.ac.ed.acp.cw2.unitCW1.DTOTests" time="0.0"/>
  <testcase name="positionRegionRequest_should_returnNoFaults_whenValidPositionAndRegionAreGiven" classname="uk.ac.ed.acp.cw2.unitCW1.DTOTests" time="0.001"/>
  <testcase name="positionRegionRequest_should_returnFaults_whenRegionIsNull" classname="uk.ac.ed.acp.cw2.unitCW1.DTOTests" time="0.0"/>
  <testcase name="region_should_returnFaults_whenVerticesIsNull" classname="uk.ac.ed.acp.cw2.unitCW1.DTOTests" time="0.0"/>
  <testcase name="positionsRequest_should_returnFaults_whenPositionOneIsNull" classname="uk.ac.ed.acp.cw2.unitCW1.DTOTests" time="0.0"/>
  <testcase name="positionRegionRequest_should_returnFaults_whenPositionIsNull" classname="uk.ac.ed.acp.cw2.unitCW1.DTOTests" time="0.0"/>
  <testcase name="position_should_returnFaults_whenLatIsOutOfRange" classname="uk.ac.ed.acp.cw2.unitCW1.DTOTests" time="0.0"/>
  <testcase name="position_should_returnFaults_whenLngIsNull" classname="uk.ac.ed.acp.cw2.unitCW1.DTOTests" time="0.0"/>
  <testcase name="positionAngleRequest_should_returnNoFaults_whenValidPositionAndAngleAreGiven" classname="uk.ac.ed.acp.cw2.unitCW1.DTOTests" time="0.001"/>
  <testcase name="region_should_returnFaults_whenVerticesDoesNotFormAClosedPolygon" classname="uk.ac.ed.acp.cw2.unitCW1.DTOTests" time="0.0"/>
  <testcase name="region_should_returnFaults_whenVerticesDoesNotFormAPolygon" classname="uk.ac.ed.acp.cw2.unitCW1.DTOTests" time="0.001"/>
</testsuite>